#-----------------------------------------------------------
# Vivado v2018.3 (64-bit)
# SW Build 2405991 on Thu Dec  6 23:38:27 MST 2018
# IP Build 2404404 on Fri Dec  7 01:43:56 MST 2018
# Start of session at: Mon Jul  4 16:35:12 2022
# Process ID: 12456
# Current directory: D:/vivado_code/chip_contest/password_expansion/password
# Command line: vivado.exe -gui_launcher_event rodinguilauncherevent7376 D:\vivado_code\chip_contest\password_expansion\password\password.xpr
# Log file: D:/vivado_code/chip_contest/password_expansion/password/vivado.log
# Journal file: D:/vivado_code/chip_contest/password_expansion/password\vivado.jou
#-----------------------------------------------------------
start_gui
open_project D:/vivado_code/chip_contest/password_expansion/password/password.xpr
Scanning sources...
Finished scanning sources
INFO: [IP_Flow 19-234] Refreshing IP repositories
INFO: [IP_Flow 19-1704] No user IP repositories specified
INFO: [IP_Flow 19-2313] Loaded Vivado IP repository 'C:/Xilinx/Vivado/2018.3/data/ip'.
update_compile_order -fileset sources_1
exit
INFO: [Common 17-206] Exiting Vivado at Mon Jul  4 16:48:37 2022...
