#-----------------------------------------------------------
# Vivado v2018.3 (64-bit)
# SW Build 2405991 on Thu Dec  6 23:38:27 MST 2018
# IP Build 2404404 on Fri Dec  7 01:43:56 MST 2018
# Start of session at: Sat Jul  9 09:12:41 2022
# Process ID: 5644
# Current directory: D:/VivadoCode/chip_contest/password_expansion/passwd
# Command line: vivado.exe -gui_launcher_event rodinguilauncherevent8960 D:\VivadoCode\chip_contest\password_expansion\passwd\passwd.xpr
# Log file: D:/VivadoCode/chip_contest/password_expansion/passwd/vivado.log
# Journal file: D:/VivadoCode/chip_contest/password_expansion/passwd\vivado.jou
#-----------------------------------------------------------
start_gui
open_project D:/VivadoCode/chip_contest/password_expansion/passwd/passwd.xpr
Scanning sources...
Finished scanning sources
INFO: [IP_Flow 19-234] Refreshing IP repositories
INFO: [IP_Flow 19-1704] No user IP repositories specified
INFO: [IP_Flow 19-2313] Loaded Vivado IP repository 'D:/Xilinx/Vivado/2018.3/data/ip'.
open_project: Time (s): cpu = 00:00:11 ; elapsed = 00:00:07 . Memory (MB): peak = 773.703 ; gain = 173.820
update_compile_order -fileset sources_1
exit
INFO: [Common 17-206] Exiting Vivado at Sat Jul  9 10:10:24 2022...
